<?xml version="1.0" encoding="UTF-8"?>
<!-- Generated by org.testng.reporters.JUnitReportReporter -->
<testsuite hostname="TYSS-Deepak" failures="0" tests="3" name="com.comcast.crm.contacttest.CreateContactTest" time="33.834" errors="0" timestamp="27 Jul 2023 06:28:35 GMT" skipped="0">
  <testcase classname="com.comcast.crm.contacttest.CreateContactTest" name="createContactWithOrgTest" time="15.490"/>
  <testcase classname="com.comcast.crm.contacttest.CreateContactTest" name="createContactWithsupportDateTest" time="9.010"/>
  <testcase classname="com.comcast.crm.contacttest.CreateContactTest" name="createConTactTest" time="9.334"/>
</testsuite> <!-- com.comcast.crm.contacttest.CreateContactTest -->
