<?xml version="1.0" encoding="UTF-8"?>
<!-- Generated by org.testng.reporters.JUnitReportReporter -->
<testsuite hostname="TYSS-Deepak" failures="0" tests="3" name="com.comcast.crm.orgtest.CreateOrganizationTest" time="29.073" errors="0" timestamp="27 Jul 2023 12:43:39 GMT" skipped="0">
  <testcase classname="com.comcast.crm.orgtest.CreateOrganizationTest" name="createOrgWithIndustriesTest" time="9.110"/>
  <testcase classname="com.comcast.crm.orgtest.CreateOrganizationTest" name="createOrgwithPhoneNumberTest" time="10.327"/>
  <testcase classname="com.comcast.crm.orgtest.CreateOrganizationTest" name="createOrgTest" time="9.636"/>
</testsuite> <!-- com.comcast.crm.orgtest.CreateOrganizationTest -->
